[2023-02-22 16:03:53,479 ] 160 numexpr.utils - INFO - NumExpr defaulting to 8 threads.
[2023-02-22 16:04:08,132 ] 21 root - INFO - Exporting collection data as pandas dataframe
[2023-02-22 16:04:08,133 ] 22 root - INFO - Reading data from database: insurance_database and collection: insurance_collection
[2023-02-22 16:04:08,249 ] 24 root - INFO - Found columns: Index(['_id', 'age', 'sex', 'bmi', 'children', 'smoker', 'region', 'expenses'], dtype='object')
[2023-02-22 16:04:08,252 ] 26 root - INFO - Dropping column: _id 
[2023-02-22 16:04:08,258 ] 28 root - INFO - Row and columns in df: (2676, 7)
[2023-02-22 16:04:08,258 ] 27 root - INFO - Save data in feature store
[2023-02-22 16:04:08,262 ] 33 root - INFO - Create feature store folder if not available
[2023-02-22 16:04:08,265 ] 37 root - INFO - Save df to feature store folder
[2023-02-22 16:04:08,287 ] 42 root - INFO - split dataset into train and test set
[2023-02-22 16:04:08,290 ] 46 root - INFO - create dataset directory folder if not available
[2023-02-22 16:04:08,291 ] 51 root - INFO - Save df to feature store folder
[2023-02-22 16:04:08,312 ] 63 root - INFO - Data ingestion artifact: DataIngestionArtifact(feature_store_file_path='C:\\Users\\prvzs\\OneDrive\\Desktop\\insurance\\artifact\\02222023__160408\\data_ingestion\\feature_store\\insurance.csv', train_file_path='C:\\Users\\prvzs\\OneDrive\\Desktop\\insurance\\artifact\\02222023__160408\\data_ingestion\\dataset\\train.csv', test_file_path='C:\\Users\\prvzs\\OneDrive\\Desktop\\insurance\\artifact\\02222023__160408\\data_ingestion\\dataset\\test.csv')
[2023-02-22 16:04:08,313 ] 22 root - INFO - >>>>>>>>>>>>>>>>>>>>>>>>>>>>>>>>>>>>>>>> Data Validation <<<<<<<<<<<<<<<<<<<<<<<<<<<<<<<<<<<<<<<<
[2023-02-22 16:04:08,313 ] 111 root - INFO - Reading base dataframe
[2023-02-22 16:04:08,324 ] 114 root - INFO - Replace na value in base df
[2023-02-22 16:04:08,324 ] 116 root - INFO - Drop null values colums from base df
[2023-02-22 16:04:08,326 ] 45 root - INFO - selecting column name which contains null above to 0.2
[2023-02-22 16:04:08,327 ] 48 root - INFO - Columns to drop: []
[2023-02-22 16:04:08,328 ] 119 root - INFO - Reading train dataframe
[2023-02-22 16:04:08,335 ] 121 root - INFO - Reading test dataframe
[2023-02-22 16:04:08,339 ] 124 root - INFO - Drop null values colums from train df
[2023-02-22 16:04:08,342 ] 45 root - INFO - selecting column name which contains null above to 0.2
[2023-02-22 16:04:08,343 ] 48 root - INFO - Columns to drop: []
[2023-02-22 16:04:08,345 ] 126 root - INFO - Drop null values colums from test df
[2023-02-22 16:04:08,348 ] 45 root - INFO - selecting column name which contains null above to 0.2
[2023-02-22 16:04:08,348 ] 48 root - INFO - Columns to drop: []
[2023-02-22 16:04:08,354 ] 135 root - INFO - Is all required columns present in train df
[2023-02-22 16:04:08,355 ] 137 root - INFO - Is all required columns present in test df
[2023-02-22 16:04:08,355 ] 141 root - INFO - As all column are available in train df hence detecting data drift
[2023-02-22 16:04:08,355 ] 89 root - INFO - Hypothesis age: float64, float64 
[2023-02-22 16:04:08,358 ] 89 root - INFO - Hypothesis sex: object, object 
[2023-02-22 16:04:08,365 ] 89 root - INFO - Hypothesis bmi: float64, float64 
[2023-02-22 16:04:08,368 ] 89 root - INFO - Hypothesis children: float64, float64 
[2023-02-22 16:04:08,369 ] 89 root - INFO - Hypothesis smoker: object, object 
[2023-02-22 16:04:08,376 ] 89 root - INFO - Hypothesis region: object, object 
[2023-02-22 16:04:08,383 ] 89 root - INFO - Hypothesis expenses: float64, float64 
[2023-02-22 16:04:08,385 ] 144 root - INFO - As all column are available in test df hence detecting data drift
[2023-02-22 16:04:08,385 ] 89 root - INFO - Hypothesis age: float64, float64 
[2023-02-22 16:04:08,386 ] 89 root - INFO - Hypothesis sex: object, object 
[2023-02-22 16:04:08,389 ] 89 root - INFO - Hypothesis bmi: float64, float64 
[2023-02-22 16:04:08,391 ] 89 root - INFO - Hypothesis children: float64, float64 
[2023-02-22 16:04:08,392 ] 89 root - INFO - Hypothesis smoker: object, object 
[2023-02-22 16:04:08,395 ] 89 root - INFO - Hypothesis region: object, object 
[2023-02-22 16:04:08,399 ] 89 root - INFO - Hypothesis expenses: float64, float64 
[2023-02-22 16:04:08,400 ] 148 root - INFO - Write reprt in yaml file
[2023-02-22 16:04:08,410 ] 153 root - INFO - Data validation artifact: DataValidationArtifact(report_file_path='C:\\Users\\prvzs\\OneDrive\\Desktop\\insurance\\artifact\\02222023__160408\\data_validation\\report.yaml')
[2023-02-22 16:04:08,410 ] 27 root - INFO - >>>>>>>>>>>>>>>>>>>>>>>>>>>>>>>>>>>>>>>> Data Transformation <<<<<<<<<<<<<<<<<<<<<<<<<<<<<<<<<<<<<<<<
[2023-02-22 16:04:08,461 ] 60 root - INFO - Entered the save_object method of utils
[2023-02-22 16:04:08,469 ] 64 root - INFO - Exited the save_object method of utils
[2023-02-22 16:04:08,470 ] 60 root - INFO - Entered the save_object method of utils
[2023-02-22 16:04:08,475 ] 64 root - INFO - Exited the save_object method of utils
[2023-02-22 16:04:08,475 ] 125 root - INFO - Data transformation object DataTransformationArtifact(transform_object_path='C:\\Users\\prvzs\\OneDrive\\Desktop\\insurance\\artifact\\02222023__160408\\data_transformation\\transformer\\transformer.pkl', transformed_train_path='C:\\Users\\prvzs\\OneDrive\\Desktop\\insurance\\artifact\\02222023__160408\\data_transformation\\transformed\\train.npz', transformed_test_path='C:\\Users\\prvzs\\OneDrive\\Desktop\\insurance\\artifact\\02222023__160408\\data_transformation\\transformed\\test.npz', target_encoder_path='C:\\Users\\prvzs\\OneDrive\\Desktop\\insurance\\artifact\\02222023__160408\\data_transformation\\target_encoder\\target_encoder.pkl')
[2023-02-22 16:04:08,475 ] 19 root - INFO - >>>>>>>>>>>>>>>>>>>>>>>>>>>>>>>>>>>>>>>> Model Trainer <<<<<<<<<<<<<<<<<<<<<<<<<<<<<<<<<<<<<<<<
[2023-02-22 16:04:08,475 ] 54 root - INFO - Loading train and test array.
[2023-02-22 16:04:08,542 ] 58 root - INFO - Splitting input and target feature from both train and test arr.
[2023-02-22 16:04:08,542 ] 62 root - INFO - Train the model
[2023-02-22 16:04:08,841 ] 65 root - INFO - Calculating f1 train score
[2023-02-22 16:04:08,843 ] 69 root - INFO - Calculating f1 test score
[2023-02-22 16:04:08,844 ] 73 root - INFO - train score:0.7488918095340829 and tests score 0.7570258766342957
[2023-02-22 16:04:08,844 ] 75 root - INFO - Checking if our model is underfitting or not
[2023-02-22 16:04:08,844 ] 80 root - INFO - Checking if our model is overfiiting or not
[2023-02-22 16:04:08,844 ] 87 root - INFO - Saving mode object
[2023-02-22 16:04:08,844 ] 60 root - INFO - Entered the save_object method of utils
[2023-02-22 16:04:08,849 ] 64 root - INFO - Exited the save_object method of utils
[2023-02-22 16:04:08,849 ] 91 root - INFO - Prepare the artifact
[2023-02-22 16:04:08,849 ] 94 root - INFO - Model trainer artifact: ModelTrainerArtifact(model_path='C:\\Users\\prvzs\\OneDrive\\Desktop\\insurance\\artifact\\02222023__160408\\model_trainer\\model\\model.pkl', r2_train_score=0.7488918095340829, r2_test_score=0.7570258766342957)
[2023-02-22 16:04:08,850 ] 20 root - INFO - >>>>>>>>>>>>>>>>>>>>>>>>>>>>>>>>>>>>>>>>  Model Evaluation <<<<<<<<<<<<<<<<<<<<<<<<<<<<<<<<<<<<<<<<
[2023-02-22 16:04:08,850 ] 36 root - INFO - if saved model folder has model the we will compare which model is best trained or the model from saved model folder
[2023-02-22 16:04:08,851 ] 47 root - INFO - Finding location of transformer model and target encoder
[2023-02-22 16:04:08,851 ] 52 root - INFO - Previous trained objects of transformer, model and target encoder
[2023-02-22 16:04:08,855 ] 59 root - INFO - Currently trained model objects
[2023-02-22 16:04:08,871 ] 84 root - INFO - Accuracy using previous trained model: 0.7584266158997893
[2023-02-22 16:04:08,877 ] 95 root - INFO - Accuracy using current trained model: 0.7570258766342957
[2023-02-22 16:04:08,877 ] 97 root - INFO - Current trained model is not better than previous model
