[2023-02-22 15:55:15,088 ] 160 numexpr.utils - INFO - NumExpr defaulting to 8 threads.
[2023-02-22 15:55:23,444 ] 21 root - INFO - Exporting collection data as pandas dataframe
[2023-02-22 15:55:23,445 ] 22 root - INFO - Reading data from database: insurance_database and collection: insurance_collection
[2023-02-22 15:55:23,545 ] 24 root - INFO - Found columns: Index(['_id', 'age', 'sex', 'bmi', 'children', 'smoker', 'region', 'expenses'], dtype='object')
[2023-02-22 15:55:23,579 ] 26 root - INFO - Dropping column: _id 
[2023-02-22 15:55:23,585 ] 28 root - INFO - Row and columns in df: (2676, 7)
[2023-02-22 15:55:23,592 ] 27 root - INFO - Save data in feature store
[2023-02-22 15:55:23,596 ] 33 root - INFO - Create feature store folder if not available
[2023-02-22 15:55:23,598 ] 37 root - INFO - Save df to feature store folder
[2023-02-22 15:55:23,624 ] 42 root - INFO - split dataset into train and test set
[2023-02-22 15:55:23,627 ] 46 root - INFO - create dataset directory folder if not available
[2023-02-22 15:55:23,628 ] 51 root - INFO - Save df to feature store folder
[2023-02-22 15:55:23,659 ] 63 root - INFO - Data ingestion artifact: DataIngestionArtifact(feature_store_file_path='C:\\Users\\prvzs\\OneDrive\\Desktop\\insurance\\artifact\\02222023__155523\\data_ingestion\\feature_store\\insurance.csv', train_file_path='C:\\Users\\prvzs\\OneDrive\\Desktop\\insurance\\artifact\\02222023__155523\\data_ingestion\\dataset\\train.csv', test_file_path='C:\\Users\\prvzs\\OneDrive\\Desktop\\insurance\\artifact\\02222023__155523\\data_ingestion\\dataset\\test.csv')
[2023-02-22 15:55:23,660 ] 22 root - INFO - >>>>>>>>>>>>>>>>>>>>>>>>>>>>>>>>>>>>>>>> Data Validation <<<<<<<<<<<<<<<<<<<<<<<<<<<<<<<<<<<<<<<<
[2023-02-22 15:55:23,660 ] 111 root - INFO - Reading base dataframe
[2023-02-22 15:55:23,673 ] 114 root - INFO - Replace na value in base df
[2023-02-22 15:55:23,673 ] 116 root - INFO - Drop null values colums from base df
[2023-02-22 15:55:23,676 ] 45 root - INFO - selecting column name which contains null above to 0.2
[2023-02-22 15:55:23,676 ] 48 root - INFO - Columns to drop: []
[2023-02-22 15:55:23,677 ] 119 root - INFO - Reading train dataframe
[2023-02-22 15:55:23,682 ] 121 root - INFO - Reading test dataframe
[2023-02-22 15:55:23,688 ] 124 root - INFO - Drop null values colums from train df
[2023-02-22 15:55:23,691 ] 45 root - INFO - selecting column name which contains null above to 0.2
[2023-02-22 15:55:23,691 ] 48 root - INFO - Columns to drop: []
[2023-02-22 15:55:23,692 ] 126 root - INFO - Drop null values colums from test df
[2023-02-22 15:55:23,694 ] 45 root - INFO - selecting column name which contains null above to 0.2
[2023-02-22 15:55:23,694 ] 48 root - INFO - Columns to drop: []
[2023-02-22 15:55:23,703 ] 135 root - INFO - Is all required columns present in train df
[2023-02-22 15:55:23,704 ] 137 root - INFO - Is all required columns present in test df
[2023-02-22 15:55:23,704 ] 141 root - INFO - As all column are available in train df hence detecting data drift
[2023-02-22 15:55:23,704 ] 89 root - INFO - Hypothesis age: float64, float64 
[2023-02-22 15:55:23,715 ] 89 root - INFO - Hypothesis sex: object, object 
[2023-02-22 15:55:23,719 ] 89 root - INFO - Hypothesis bmi: float64, float64 
[2023-02-22 15:55:23,720 ] 89 root - INFO - Hypothesis children: float64, float64 
[2023-02-22 15:55:23,722 ] 89 root - INFO - Hypothesis smoker: object, object 
[2023-02-22 15:55:23,726 ] 89 root - INFO - Hypothesis region: object, object 
[2023-02-22 15:55:23,733 ] 89 root - INFO - Hypothesis expenses: float64, float64 
[2023-02-22 15:55:23,735 ] 144 root - INFO - As all column are available in test df hence detecting data drift
[2023-02-22 15:55:23,735 ] 89 root - INFO - Hypothesis age: float64, float64 
[2023-02-22 15:55:23,737 ] 89 root - INFO - Hypothesis sex: object, object 
[2023-02-22 15:55:23,742 ] 89 root - INFO - Hypothesis bmi: float64, float64 
[2023-02-22 15:55:23,743 ] 89 root - INFO - Hypothesis children: float64, float64 
[2023-02-22 15:55:23,745 ] 89 root - INFO - Hypothesis smoker: object, object 
[2023-02-22 15:55:23,749 ] 89 root - INFO - Hypothesis region: object, object 
[2023-02-22 15:55:23,753 ] 89 root - INFO - Hypothesis expenses: float64, float64 
[2023-02-22 15:55:23,755 ] 148 root - INFO - Write reprt in yaml file
[2023-02-22 15:55:23,766 ] 153 root - INFO - Data validation artifact: DataValidationArtifact(report_file_path='C:\\Users\\prvzs\\OneDrive\\Desktop\\insurance\\artifact\\02222023__155523\\data_validation\\report.yaml')
[2023-02-22 15:55:23,767 ] 24 root - INFO - >>>>>>>>>>>>>>>>>>>>>>>>>>>>>>>>>>>>>>>> Data Transformation <<<<<<<<<<<<<<<<<<<<<<<<<<<<<<<<<<<<<<<<
