[2023-02-22 15:56:44,790 ] 160 numexpr.utils - INFO - NumExpr defaulting to 8 threads.
[2023-02-22 15:56:50,460 ] 21 root - INFO - Exporting collection data as pandas dataframe
[2023-02-22 15:56:50,461 ] 22 root - INFO - Reading data from database: insurance_database and collection: insurance_collection
[2023-02-22 15:56:50,511 ] 24 root - INFO - Found columns: Index(['_id', 'age', 'sex', 'bmi', 'children', 'smoker', 'region', 'expenses'], dtype='object')
[2023-02-22 15:56:50,514 ] 26 root - INFO - Dropping column: _id 
[2023-02-22 15:56:50,520 ] 28 root - INFO - Row and columns in df: (2676, 7)
[2023-02-22 15:56:50,520 ] 27 root - INFO - Save data in feature store
[2023-02-22 15:56:50,522 ] 33 root - INFO - Create feature store folder if not available
[2023-02-22 15:56:50,525 ] 37 root - INFO - Save df to feature store folder
[2023-02-22 15:56:50,562 ] 42 root - INFO - split dataset into train and test set
[2023-02-22 15:56:50,573 ] 46 root - INFO - create dataset directory folder if not available
[2023-02-22 15:56:50,574 ] 51 root - INFO - Save df to feature store folder
[2023-02-22 15:56:50,598 ] 63 root - INFO - Data ingestion artifact: DataIngestionArtifact(feature_store_file_path='C:\\Users\\prvzs\\OneDrive\\Desktop\\insurance\\artifact\\02222023__155650\\data_ingestion\\feature_store\\insurance.csv', train_file_path='C:\\Users\\prvzs\\OneDrive\\Desktop\\insurance\\artifact\\02222023__155650\\data_ingestion\\dataset\\train.csv', test_file_path='C:\\Users\\prvzs\\OneDrive\\Desktop\\insurance\\artifact\\02222023__155650\\data_ingestion\\dataset\\test.csv')
[2023-02-22 15:56:50,599 ] 22 root - INFO - >>>>>>>>>>>>>>>>>>>>>>>>>>>>>>>>>>>>>>>> Data Validation <<<<<<<<<<<<<<<<<<<<<<<<<<<<<<<<<<<<<<<<
[2023-02-22 15:56:50,600 ] 111 root - INFO - Reading base dataframe
[2023-02-22 15:56:50,612 ] 114 root - INFO - Replace na value in base df
[2023-02-22 15:56:50,613 ] 116 root - INFO - Drop null values colums from base df
[2023-02-22 15:56:50,616 ] 45 root - INFO - selecting column name which contains null above to 0.2
[2023-02-22 15:56:50,617 ] 48 root - INFO - Columns to drop: []
[2023-02-22 15:56:50,618 ] 119 root - INFO - Reading train dataframe
[2023-02-22 15:56:50,627 ] 121 root - INFO - Reading test dataframe
[2023-02-22 15:56:50,633 ] 124 root - INFO - Drop null values colums from train df
[2023-02-22 15:56:50,637 ] 45 root - INFO - selecting column name which contains null above to 0.2
[2023-02-22 15:56:50,638 ] 48 root - INFO - Columns to drop: []
[2023-02-22 15:56:50,640 ] 126 root - INFO - Drop null values colums from test df
[2023-02-22 15:56:50,641 ] 45 root - INFO - selecting column name which contains null above to 0.2
[2023-02-22 15:56:50,642 ] 48 root - INFO - Columns to drop: []
[2023-02-22 15:56:50,649 ] 135 root - INFO - Is all required columns present in train df
[2023-02-22 15:56:50,649 ] 137 root - INFO - Is all required columns present in test df
[2023-02-22 15:56:50,649 ] 141 root - INFO - As all column are available in train df hence detecting data drift
[2023-02-22 15:56:50,650 ] 89 root - INFO - Hypothesis age: float64, float64 
[2023-02-22 15:56:50,654 ] 89 root - INFO - Hypothesis sex: object, object 
[2023-02-22 15:56:50,659 ] 89 root - INFO - Hypothesis bmi: float64, float64 
[2023-02-22 15:56:50,660 ] 89 root - INFO - Hypothesis children: float64, float64 
[2023-02-22 15:56:50,661 ] 89 root - INFO - Hypothesis smoker: object, object 
[2023-02-22 15:56:50,668 ] 89 root - INFO - Hypothesis region: object, object 
[2023-02-22 15:56:50,678 ] 89 root - INFO - Hypothesis expenses: float64, float64 
[2023-02-22 15:56:50,679 ] 144 root - INFO - As all column are available in test df hence detecting data drift
[2023-02-22 15:56:50,680 ] 89 root - INFO - Hypothesis age: float64, float64 
[2023-02-22 15:56:50,681 ] 89 root - INFO - Hypothesis sex: object, object 
[2023-02-22 15:56:50,684 ] 89 root - INFO - Hypothesis bmi: float64, float64 
[2023-02-22 15:56:50,686 ] 89 root - INFO - Hypothesis children: float64, float64 
[2023-02-22 15:56:50,687 ] 89 root - INFO - Hypothesis smoker: object, object 
[2023-02-22 15:56:50,690 ] 89 root - INFO - Hypothesis region: object, object 
[2023-02-22 15:56:50,693 ] 89 root - INFO - Hypothesis expenses: float64, float64 
[2023-02-22 15:56:50,695 ] 148 root - INFO - Write reprt in yaml file
[2023-02-22 15:56:50,706 ] 153 root - INFO - Data validation artifact: DataValidationArtifact(report_file_path='C:\\Users\\prvzs\\OneDrive\\Desktop\\insurance\\artifact\\02222023__155650\\data_validation\\report.yaml')
[2023-02-22 15:56:50,707 ] 25 root - INFO - >>>>>>>>>>>>>>>>>>>>>>>>>>>>>>>>>>>>>>>> Data Transformation <<<<<<<<<<<<<<<<<<<<<<<<<<<<<<<<<<<<<<<<
